<?xml version="1.0" encoding="UTF-8"?>
<!-- Generated by org.testng.reporters.JUnitXMLReporter -->
<testsuite ignored="0" hostname="Shubham-Lap" failures="0" tests="5" name="Default test" time="20.745" errors="0" timestamp="2026-01-16T00:25:53 IST">
  <testcase classname="com.reqres.tests.CreateUserAPITest" name="testCreateMultipleUsers" time="9.298"/>
  <testcase classname="com.reqres.tests.CreateUserAPITest" name="testCreateUserResponseStructure" time="2.546"/>
  <testcase classname="com.reqres.tests.CreateUserAPITest" name="testCreateUserWithEmptyJob" time="3.536"/>
  <testcase classname="com.reqres.tests.CreateUserAPITest" name="testCreateUserWithSpecialCharacters" time="2.007"/>
  <testcase classname="com.reqres.tests.CreateUserAPITest" name="testCreateUserWithValidData" time="2.286"/>
</testsuite> <!-- Default test -->
