<?xml version="1.0" encoding="UTF-8"?>
<testng-results ignored="0" total="5" passed="5" failed="0" skipped="0">
  <reporter-output>
  </reporter-output>
  <suite started-at="2026-01-16T00:25:33 IST" name="Default suite" finished-at="2026-01-16T00:25:53 IST" duration-ms="20745">
    <groups>
    </groups>
    <test started-at="2026-01-16T00:25:33 IST" name="Default test" finished-at="2026-01-16T00:25:53 IST" duration-ms="20745">
      <class name="com.reqres.tests.CreateUserAPITest">
        <test-method is-config="true" signature="setUp()[pri:0, instance:com.reqres.tests.CreateUserAPITest@5b619d14]" started-at="2026-01-16T00:25:33 IST" name="setUp" finished-at="2026-01-16T00:25:34 IST" duration-ms="983" status="PASS">
          <reporter-output>
          </reporter-output>
        </test-method> <!-- setUp -->
        <test-method signature="testCreateMultipleUsers()[pri:0, instance:com.reqres.tests.CreateUserAPITest@5b619d14]" started-at="2026-01-16T00:25:34 IST" name="testCreateMultipleUsers" description="Test create multiple users" finished-at="2026-01-16T00:25:43 IST" duration-ms="9298" status="PASS">
          <reporter-output>
          </reporter-output>
        </test-method> <!-- testCreateMultipleUsers -->
        <test-method signature="testCreateUserResponseStructure()[pri:0, instance:com.reqres.tests.CreateUserAPITest@5b619d14]" started-at="2026-01-16T00:25:43 IST" name="testCreateUserResponseStructure" description="Test create user response structure" finished-at="2026-01-16T00:25:46 IST" duration-ms="2546" status="PASS">
          <reporter-output>
          </reporter-output>
        </test-method> <!-- testCreateUserResponseStructure -->
        <test-method signature="testCreateUserWithEmptyJob()[pri:0, instance:com.reqres.tests.CreateUserAPITest@5b619d14]" started-at="2026-01-16T00:25:46 IST" name="testCreateUserWithEmptyJob" description="Test create user with empty job" finished-at="2026-01-16T00:25:49 IST" duration-ms="3536" status="PASS">
          <reporter-output>
          </reporter-output>
        </test-method> <!-- testCreateUserWithEmptyJob -->
        <test-method signature="testCreateUserWithSpecialCharacters()[pri:0, instance:com.reqres.tests.CreateUserAPITest@5b619d14]" started-at="2026-01-16T00:25:49 IST" name="testCreateUserWithSpecialCharacters" description="Test create user with special characters" finished-at="2026-01-16T00:25:51 IST" duration-ms="2007" status="PASS">
          <reporter-output>
          </reporter-output>
        </test-method> <!-- testCreateUserWithSpecialCharacters -->
        <test-method signature="testCreateUserWithValidData()[pri:0, instance:com.reqres.tests.CreateUserAPITest@5b619d14]" started-at="2026-01-16T00:25:51 IST" name="testCreateUserWithValidData" description="Test create user with valid data" finished-at="2026-01-16T00:25:53 IST" duration-ms="2286" status="PASS">
          <reporter-output>
          </reporter-output>
        </test-method> <!-- testCreateUserWithValidData -->
      </class> <!-- com.reqres.tests.CreateUserAPITest -->
    </test> <!-- Default test -->
  </suite> <!-- Default suite -->
</testng-results>
