<?xml version="1.0" encoding="UTF-8"?>
<!-- Generated by org.testng.reporters.JUnitReportReporter -->
<testsuite hostname="Shubham-Lap" failures="0" tests="5" name="com.reqres.tests.CreateUserAPITest" time="19.673" errors="0" timestamp="2026-01-16T00:25:54 IST" skipped="0">
  <testcase classname="com.reqres.tests.CreateUserAPITest" name="testCreateUserResponseStructure" time="2.546"/>
  <testcase classname="com.reqres.tests.CreateUserAPITest" name="testCreateUserWithSpecialCharacters" time="2.007"/>
  <testcase classname="com.reqres.tests.CreateUserAPITest" name="testCreateMultipleUsers" time="9.298"/>
  <testcase classname="com.reqres.tests.CreateUserAPITest" name="testCreateUserWithValidData" time="2.286"/>
  <testcase classname="com.reqres.tests.CreateUserAPITest" name="testCreateUserWithEmptyJob" time="3.536"/>
</testsuite> <!-- com.reqres.tests.CreateUserAPITest -->
